<?xml version="1.0" encoding="UTF-8"?>
<!-- Generated by org.testng.reporters.JUnitXMLReporter -->
<testsuite ignored="0" hostname="IBM-PF3DZ8GN" failures="2" tests="3" name="Test" time="18.317" errors="0" timestamp="2023-02-21T15:03:12 IST">
  <testcase classname="PDFEmail.TestGuru99PDEmail" name="testPDFReporTwo" time="8.663">
    <failure type="java.lang.AssertionError" message="expected [true] but found [false]">
      <![CDATA[java.lang.AssertionError: expected [true] but found [false]
at PDFEmail.TestGuru99PDEmail.testPDFReporTwo(TestGuru99PDEmail.java:46)
at java.base/java.util.ArrayList.forEach(ArrayList.java:1511)
... Removed 31 stack frames]]>
    </failure>
  </testcase> <!-- testPDFReporTwo -->
  <testcase classname="PDFEmail.TestGuru99PDEmail" name="testPDFReportOne" time="2.579">
    <failure type="java.lang.AssertionError" message="expected [true] but found [false]">
      <![CDATA[java.lang.AssertionError: expected [true] but found [false]
at PDFEmail.TestGuru99PDEmail.testPDFReportOne(TestGuru99PDEmail.java:38)
at java.base/java.util.ArrayList.forEach(ArrayList.java:1511)
... Removed 31 stack frames]]>
    </failure>
  </testcase> <!-- testPDFReportOne -->
  <testcase classname="PDFEmail.TestGuru99PDEmail" name="testPDFReportThree" time="6.506"/>
</testsuite> <!-- Test -->
